<?xml version="1.0" encoding="UTF-8"?>
<!-- Generated by org.testng.reporters.JUnitXMLReporter -->
<testsuite ignored="0" hostname="DESKTOP-C32PGNL" failures="1" tests="1" name="automationdemo" time="3.389" errors="0" timestamp="2022-06-28T17:17:32 BDT">
  <testcase classname="logintestrun" name="verifylogin" time="3.355">
    <failure type="org.openqa.selenium.ElementClickInterceptedException" message="element click intercepted: Element &amp;lt;label class=&amp;quot;MuiFormLabel-root MuiInputLabel-root MuiInputLabel-formControl MuiInputLabel-animated MuiInputLabel-outlined Mui-required Mui-required&amp;quot; data-shrink=&amp;quot;false&amp;quot; for=&amp;quot;loginEmail&amp;quot; id=&amp;quot;loginEmail-label&amp;quot;&amp;gt;...&amp;lt;/label&amp;gt; is not clickable at point (598, 415). Other element would receive the click: &amp;lt;input aria-invalid=&amp;quot;false&amp;quot; id=&amp;quot;loginEmail&amp;quot; name=&amp;quot;email&amp;quot; placeholder=&amp;quot;example@email.com&amp;quot; required=&amp;quot;&amp;quot; type=&amp;quot;email&amp;quot; class=&amp;quot;MuiInputBase-input MuiOutlinedInput-input&amp;quot; value=&amp;quot;&amp;quot;&amp;gt;
  (Session info: chrome=103.0.5060.53)
Build info: version: &amp;apos;4.2.1&amp;apos;, revision: &amp;apos;ac4d0fdd4a&amp;apos;
System info: host: &amp;apos;DESKTOP-C32PGNL&amp;apos;, ip: &amp;apos;192.168.21.119&amp;apos;, os.name: &amp;apos;Windows 10&amp;apos;, os.arch: &amp;apos;amd64&amp;apos;, os.version: &amp;apos;10.0&amp;apos;, java.version: &amp;apos;11.0.15.1&amp;apos;
Driver info: org.openqa.selenium.chrome.ChromeDriver
Command: [c7be6f3402cb8d465577a4d22f9e37f2, clickElement {id=9bde51ee-a02a-434c-810d-311b555ce7b5}]
Capabilities {acceptInsecureCerts: false, browserName: chrome, browserVersion: 103.0.5060.53, chrome: {chromedriverVersion: 103.0.5060.53 (a1711811edd7..., userDataDir: C:\Users\Mim\AppData\Local\...}, goog:chromeOptions: {debuggerAddress: localhost:64739}, networkConnectionEnabled: false, pageLoadStrategy: normal, platformName: WINDOWS, proxy: Proxy(), se:cdp: ws://localhost:64739/devtoo..., se:cdpVersion: 103.0.5060.53, setWindowRect: true, strictFileInteractability: false, timeouts: {implicit: 0, pageLoad: 300000, script: 30000}, unhandledPromptBehavior: dismiss and notify, webauthn:extension:credBlob: true, webauthn:extension:largeBlob: true, webauthn:virtualAuthenticators: true}
Element: [[ChromeDriver: chrome on WINDOWS (c7be6f3402cb8d465577a4d22f9e37f2)] -&amp;gt; xpath: //label[@id=&amp;apos;loginEmail-label&amp;apos;]]
Session ID: c7be6f3402cb8d465577a4d22f9e37f2">
      <![CDATA[org.openqa.selenium.ElementClickInterceptedException: element click intercepted: Element <label class="MuiFormLabel-root MuiInputLabel-root MuiInputLabel-formControl MuiInputLabel-animated MuiInputLabel-outlined Mui-required Mui-required" data-shrink="false" for="loginEmail" id="loginEmail-label">...</label> is not clickable at point (598, 415). Other element would receive the click: <input aria-invalid="false" id="loginEmail" name="email" placeholder="example@email.com" required="" type="email" class="MuiInputBase-input MuiOutlinedInput-input" value="">
  (Session info: chrome=103.0.5060.53)
Build info: version: '4.2.1', revision: 'ac4d0fdd4a'
System info: host: 'DESKTOP-C32PGNL', ip: '192.168.21.119', os.name: 'Windows 10', os.arch: 'amd64', os.version: '10.0', java.version: '11.0.15.1'
Driver info: org.openqa.selenium.chrome.ChromeDriver
Command: [c7be6f3402cb8d465577a4d22f9e37f2, clickElement {id=9bde51ee-a02a-434c-810d-311b555ce7b5}]
Capabilities {acceptInsecureCerts: false, browserName: chrome, browserVersion: 103.0.5060.53, chrome: {chromedriverVersion: 103.0.5060.53 (a1711811edd7..., userDataDir: C:\Users\Mim\AppData\Local\...}, goog:chromeOptions: {debuggerAddress: localhost:64739}, networkConnectionEnabled: false, pageLoadStrategy: normal, platformName: WINDOWS, proxy: Proxy(), se:cdp: ws://localhost:64739/devtoo..., se:cdpVersion: 103.0.5060.53, setWindowRect: true, strictFileInteractability: false, timeouts: {implicit: 0, pageLoad: 300000, script: 30000}, unhandledPromptBehavior: dismiss and notify, webauthn:extension:credBlob: true, webauthn:extension:largeBlob: true, webauthn:virtualAuthenticators: true}
Element: [[ChromeDriver: chrome on WINDOWS (c7be6f3402cb8d465577a4d22f9e37f2)] -> xpath: //label[@id='loginEmail-label']]
Session ID: c7be6f3402cb8d465577a4d22f9e37f2
at org.openqa.selenium.remote.codec.w3c.W3CHttpResponseCodec.createException(W3CHttpResponseCodec.java:200)
at org.openqa.selenium.remote.codec.w3c.W3CHttpResponseCodec.decode(W3CHttpResponseCodec.java:133)
at org.openqa.selenium.remote.codec.w3c.W3CHttpResponseCodec.decode(W3CHttpResponseCodec.java:53)
at org.openqa.selenium.remote.HttpCommandExecutor.execute(HttpCommandExecutor.java:184)
at org.openqa.selenium.remote.service.DriverCommandExecutor.invokeExecute(DriverCommandExecutor.java:167)
at org.openqa.selenium.remote.service.DriverCommandExecutor.execute(DriverCommandExecutor.java:142)
at org.openqa.selenium.remote.RemoteWebDriver.execute(RemoteWebDriver.java:551)
at org.openqa.selenium.remote.RemoteWebElement.execute(RemoteWebElement.java:257)
at org.openqa.selenium.remote.RemoteWebElement.click(RemoteWebElement.java:78)
at logIn.emailIcon(logIn.java:28)
at logintestrun.verifylogin(logintestrun.java:16)
at java.base/java.util.ArrayList.forEach(ArrayList.java:1541)
at com.intellij.rt.testng.IDEARemoteTestNG.run(IDEARemoteTestNG.java:66)
at com.intellij.rt.testng.RemoteTestNGStarter.main(RemoteTestNGStarter.java:109)
... Removed 28 stack frames]]>
    </failure>
  </testcase> <!-- verifylogin -->
</testsuite> <!-- automationdemo -->
